{
"contracts/ProofOfScience.sol":{"l":{"40":4,"41":4,"42":4,"52":1,"62":4,"74":1},"path":"/Users/aakaash/Desktop/code/OPENLAB/plex/contracts/contracts/ProofOfScience.sol","s":{"1":4,"2":4,"3":1,"4":1},"b":{"1":[4,1],"2":[1,1]},"f":{"1":24,"2":4,"3":1,"4":4,"5":1},"fnMap":{"1":{"name":"constructor","line":24,"loc":{"start":{"line":24,"column":4},"end":{"line":24,"column":37}}},"2":{"name":"mint","line":39,"loc":{"start":{"line":39,"column":4},"end":{"line":43,"column":4}}},"3":{"name":"uri","line":51,"loc":{"start":{"line":51,"column":4},"end":{"line":53,"column":4}}},"4":{"name":"_setTokenURI","line":61,"loc":{"start":{"line":61,"column":4},"end":{"line":63,"column":4}}},"5":{"name":"transferContractOwnership","line":73,"loc":{"start":{"line":73,"column":4},"end":{"line":75,"column":4}}}},"statementMap":{"1":{"start":{"line":40,"column":8},"end":{"line":40,"column":37}},"2":{"start":{"line":41,"column":8},"end":{"line":41,"column":38}},"3":{"start":{"line":52,"column":8},"end":{"line":52,"column":66}},"4":{"start":{"line":74,"column":8},"end":{"line":74,"column":34}}},"branchMap":{"1":{"line":39,"type":"if","locations":[{"start":{"line":39,"column":66},"end":{"line":39,"column":66}},{"start":{"line":39,"column":66},"end":{"line":39,"column":66}}]},"2":{"line":73,"type":"if","locations":[{"start":{"line":73,"column":64},"end":{"line":73,"column":64}},{"start":{"line":73,"column":64},"end":{"line":73,"column":64}}]}}}}
